{
  "0 debug pnpm:scope": {
    "selected": 1,
    "workspacePrefix": "/Users/zhanghanling/Desktop/源码漫游记/source"
  },
  "1 error pnpm": {
    "errno": 1,
    "code": "ELIFECYCLE",
    "pkgid": "@zhanghl/utils@1.0.0",
    "stage": "build",
    "script": "unbuild",
    "pkgname": "@zhanghl/utils",
    "err": {
      "name": "pnpm",
      "message": "@zhanghl/utils@1.0.0 build: `unbuild`\nExit status 1",
      "code": "ELIFECYCLE",
      "stack": "pnpm: @zhanghl/utils@1.0.0 build: `unbuild`\nExit status 1\n    at EventEmitter.<anonymous> (/Users/zhanghanling/.nvm/versions/node/v16.14.2/lib/node_modules/pnpm/dist/pnpm.cjs:105956:20)\n    at EventEmitter.emit (node:events:526:28)\n    at ChildProcess.<anonymous> (/Users/zhanghanling/.nvm/versions/node/v16.14.2/lib/node_modules/pnpm/dist/pnpm.cjs:92514:18)\n    at ChildProcess.emit (node:events:526:28)\n    at maybeClose (node:internal/child_process:1092:16)\n    at Process.ChildProcess._handle.onexit (node:internal/child_process:302:5)"
    }
  },
  "2 warn pnpm:global": " Local package.json exists, but node_modules missing, did you mean to install?"
}