{
  "0 debug pnpm:scope": {
    "selected": 1,
    "workspacePrefix": "/Users/zhanghanling/Desktop/源码漫游记/source"
  },
  "1 error pnpm": {
    "errno": 1,
    "code": "ELIFECYCLE",
    "pkgid": "source@1.0.0",
    "stage": "coverage",
    "script": "vitest run --coverage",
    "pkgname": "source",
    "err": {
      "name": "pnpm",
      "message": "source@1.0.0 coverage: `vitest run --coverage`\nExit status 1",
      "code": "ELIFECYCLE",
      "stack": "pnpm: source@1.0.0 coverage: `vitest run --coverage`\nExit status 1\n    at EventEmitter.<anonymous> (/Users/zhanghanling/.nvm/versions/node/v16.14.2/lib/node_modules/pnpm/dist/pnpm.cjs:105956:20)\n    at EventEmitter.emit (node:events:526:28)\n    at ChildProcess.<anonymous> (/Users/zhanghanling/.nvm/versions/node/v16.14.2/lib/node_modules/pnpm/dist/pnpm.cjs:92514:18)\n    at ChildProcess.emit (node:events:526:28)\n    at maybeClose (node:internal/child_process:1092:16)\n    at Process.ChildProcess._handle.onexit (node:internal/child_process:302:5)"
    }
  }
}